

Started GET "/" for ::1 at 2015-08-05 13:33:32 -0500
Processing by ApplicationController#hello as HTML
  Rendered text template (0.0ms)
Completed 200 OK in 19ms (Views: 7.3ms | ActiveRecord: 0.0ms)
  [1m[36m (2.6ms)[0m  [1mCREATE TABLE "schema_migrations" ("version" varchar NOT NULL) [0m
  [1m[35m (0.1ms)[0m  select sqlite_version(*)
  [1m[36m (0.8ms)[0m  [1mCREATE UNIQUE INDEX "unique_schema_migrations" ON "schema_migrations" ("version")[0m
  [1m[35mActiveRecord::SchemaMigration Load (0.1ms)[0m  SELECT "schema_migrations".* FROM "schema_migrations"
Migrating to CreateUsers (20150805183752)
  [1m[36m (0.1ms)[0m  [1mbegin transaction[0m
  [1m[35m (0.3ms)[0m  CREATE TABLE "users" ("id" INTEGER PRIMARY KEY AUTOINCREMENT NOT NULL, "name" varchar, "email" varchar, "created_at" datetime NOT NULL, "updated_at" datetime NOT NULL) 
  [1m[36mSQL (0.1ms)[0m  [1mINSERT INTO "schema_migrations" ("version") VALUES (?)[0m  [["version", "20150805183752"]]
  [1m[35m (0.8ms)[0m  commit transaction
  [1m[36mActiveRecord::SchemaMigration Load (0.1ms)[0m  [1mSELECT "schema_migrations".* FROM "schema_migrations"[0m


Started GET "/" for ::1 at 2015-08-05 13:41:36 -0500
  [1m[36mActiveRecord::SchemaMigration Load (0.1ms)[0m  [1mSELECT "schema_migrations".* FROM "schema_migrations"[0m
Processing by ApplicationController#hello as HTML
  Rendered text template (0.0ms)
Completed 200 OK in 1ms (Views: 0.6ms | ActiveRecord: 0.0ms)


Started GET "/users" for ::1 at 2015-08-05 13:41:42 -0500
Processing by UsersController#index as HTML
  [1m[35mUser Load (0.1ms)[0m  SELECT "users".* FROM "users"
  Rendered users/index.html.erb within layouts/application (2.7ms)
Completed 200 OK in 1724ms (Views: 1722.0ms | ActiveRecord: 0.3ms)


Started GET "/assets/scaffolds.self-0cbbbc57b9425b9042d5cc21daf33b1615ac474fa15dfbefb63a14d933ac78f2.css?body=1" for ::1 at 2015-08-05 13:41:44 -0500


Started GET "/assets/users.self-e3b0c44298fc1c149afbf4c8996fb92427ae41e4649b934ca495991b7852b855.css?body=1" for ::1 at 2015-08-05 13:41:44 -0500


Started GET "/assets/users.self-877aef30ae1b040ab8a3aba4e3e309a11d7f2612f44dde450b5c157aa5f95c05.js?body=1" for ::1 at 2015-08-05 13:41:44 -0500


Started GET "/users/new" for ::1 at 2015-08-05 13:42:10 -0500
Processing by UsersController#new as HTML
  Rendered users/_form.html.erb (21.8ms)
  Rendered users/new.html.erb within layouts/application (28.0ms)
Completed 200 OK in 85ms (Views: 78.3ms | ActiveRecord: 0.7ms)


Started POST "/users" for ::1 at 2015-08-05 13:43:05 -0500
Processing by UsersController#create as HTML
  Parameters: {"utf8"=>"✓", "authenticity_token"=>"xqBrQm+NUpMupkIK3aSVyKL1cJMC6j5ew0KgCUSPxS6Zbkxnt3kx3CcWqDQ5LfDqIjcSa+YVHaREaXwNvwSM0A==", "user"=>{"name"=>"example", "email"=>"example@email.com"}, "commit"=>"Create User"}
  [1m[36m (0.2ms)[0m  [1mbegin transaction[0m
  [1m[35mSQL (0.4ms)[0m  INSERT INTO "users" ("name", "email", "created_at", "updated_at") VALUES (?, ?, ?, ?)  [["name", "example"], ["email", "example@email.com"], ["created_at", "2015-08-05 18:43:05.560876"], ["updated_at", "2015-08-05 18:43:05.560876"]]
  [1m[36m (0.7ms)[0m  [1mcommit transaction[0m
Redirected to http://localhost:3000/users/1
Completed 302 Found in 8ms (ActiveRecord: 1.2ms)


Started GET "/users/1" for ::1 at 2015-08-05 13:43:05 -0500
Processing by UsersController#show as HTML
  Parameters: {"id"=>"1"}
  [1m[35mUser Load (0.2ms)[0m  SELECT  "users".* FROM "users" WHERE "users"."id" = ? LIMIT 1  [["id", 1]]
  Rendered users/show.html.erb within layouts/application (0.8ms)
Completed 200 OK in 55ms (Views: 46.7ms | ActiveRecord: 0.2ms)


Started GET "/users/edit" for ::1 at 2015-08-05 13:43:59 -0500
Processing by UsersController#show as HTML
  Parameters: {"id"=>"edit"}
  [1m[36mUser Load (0.1ms)[0m  [1mSELECT  "users".* FROM "users" WHERE "users"."id" = ? LIMIT 1[0m  [["id", 0]]
Completed 404 Not Found in 1ms (ActiveRecord: 0.1ms)

ActiveRecord::RecordNotFound (Couldn't find User with 'id'=edit):
  app/controllers/users_controller.rb:67:in `set_user'


  Rendered /Users/ashleymichal/.rvm/gems/ruby-2.2.1/gems/actionpack-4.2.3/lib/action_dispatch/middleware/templates/rescues/_source.erb (7.1ms)
  Rendered /Users/ashleymichal/.rvm/gems/ruby-2.2.1/gems/actionpack-4.2.3/lib/action_dispatch/middleware/templates/rescues/_trace.html.erb (2.9ms)
  Rendered /Users/ashleymichal/.rvm/gems/ruby-2.2.1/gems/actionpack-4.2.3/lib/action_dispatch/middleware/templates/rescues/_request_and_response.html.erb (1.6ms)
  Rendered /Users/ashleymichal/.rvm/gems/ruby-2.2.1/gems/actionpack-4.2.3/lib/action_dispatch/middleware/templates/rescues/diagnostics.html.erb within rescues/layout (73.0ms)
  Rendered /Users/ashleymichal/.rvm/gems/ruby-2.2.1/gems/web-console-2.2.1/lib/web_console/templates/_markup.html.erb (0.4ms)
  Rendered /Users/ashleymichal/.rvm/gems/ruby-2.2.1/gems/web-console-2.2.1/lib/web_console/templates/_inner_console_markup.html.erb within layouts/inlined_string (0.8ms)
  Rendered /Users/ashleymichal/.rvm/gems/ruby-2.2.1/gems/web-console-2.2.1/lib/web_console/templates/_prompt_box_markup.html.erb within layouts/inlined_string (0.3ms)
  Rendered /Users/ashleymichal/.rvm/gems/ruby-2.2.1/gems/web-console-2.2.1/lib/web_console/templates/style.css.erb within layouts/inlined_string (0.9ms)
  Rendered /Users/ashleymichal/.rvm/gems/ruby-2.2.1/gems/web-console-2.2.1/lib/web_console/templates/console.js.erb within layouts/javascript (58.3ms)
  Rendered /Users/ashleymichal/.rvm/gems/ruby-2.2.1/gems/web-console-2.2.1/lib/web_console/templates/main.js.erb within layouts/javascript (0.8ms)
  Rendered /Users/ashleymichal/.rvm/gems/ruby-2.2.1/gems/web-console-2.2.1/lib/web_console/templates/error_page.js.erb within layouts/javascript (1.4ms)
  Rendered /Users/ashleymichal/.rvm/gems/ruby-2.2.1/gems/web-console-2.2.1/lib/web_console/templates/index.html.erb (133.3ms)


Started GET "/users/1/edit" for ::1 at 2015-08-05 13:44:05 -0500
Processing by UsersController#edit as HTML
  Parameters: {"id"=>"1"}
  [1m[35mUser Load (0.1ms)[0m  SELECT  "users".* FROM "users" WHERE "users"."id" = ? LIMIT 1  [["id", 1]]
  Rendered users/_form.html.erb (3.6ms)
  Rendered users/edit.html.erb within layouts/application (7.9ms)
Completed 200 OK in 61ms (Views: 60.2ms | ActiveRecord: 0.1ms)


Started PATCH "/users/1" for ::1 at 2015-08-05 13:44:19 -0500
Processing by UsersController#update as HTML
  Parameters: {"utf8"=>"✓", "authenticity_token"=>"2IauN/tt+7LU1zVMHChOlQusatyZ78ii48LmOC+Mqm6HSIkSI5mY/d1n33L4oSu3i24IJH0Q61hk6To81AfjkA==", "user"=>{"name"=>"example", "email"=>"example@gmail.com"}, "commit"=>"Update User", "id"=>"1"}
  [1m[36mUser Load (0.1ms)[0m  [1mSELECT  "users".* FROM "users" WHERE "users"."id" = ? LIMIT 1[0m  [["id", 1]]
  [1m[35m (0.1ms)[0m  begin transaction
  [1m[36mSQL (0.3ms)[0m  [1mUPDATE "users" SET "email" = ?, "updated_at" = ? WHERE "users"."id" = ?[0m  [["email", "example@gmail.com"], ["updated_at", "2015-08-05 18:44:19.568707"], ["id", 1]]
  [1m[35m (1.0ms)[0m  commit transaction
Redirected to http://localhost:3000/users/1
Completed 302 Found in 12ms (ActiveRecord: 1.5ms)


Started GET "/users/1" for ::1 at 2015-08-05 13:44:19 -0500
Processing by UsersController#show as HTML
  Parameters: {"id"=>"1"}
  [1m[36mUser Load (0.1ms)[0m  [1mSELECT  "users".* FROM "users" WHERE "users"."id" = ? LIMIT 1[0m  [["id", 1]]
  Rendered users/show.html.erb within layouts/application (0.3ms)
Completed 200 OK in 30ms (Views: 29.4ms | ActiveRecord: 0.1ms)


Started GET "/users/new" for ::1 at 2015-08-05 13:44:45 -0500
Processing by UsersController#new as HTML
  Rendered users/_form.html.erb (1.4ms)
  Rendered users/new.html.erb within layouts/application (2.8ms)
Completed 200 OK in 38ms (Views: 36.7ms | ActiveRecord: 0.0ms)


Started POST "/users" for ::1 at 2015-08-05 13:44:54 -0500
Processing by UsersController#create as HTML
  Parameters: {"utf8"=>"✓", "authenticity_token"=>"z8XrUY2R0S0D9rWuVx/ndF9X/eI1K095DmMvGTTWp3KQC8x0VWWyYgpGX5CzloJW35WfGtHUbIOJSPMdz13ujA==", "user"=>{"name"=>"Foo Bar", "email"=>"foo@bar.com"}, "commit"=>"Create User"}
  [1m[35m (0.3ms)[0m  begin transaction
  [1m[36mSQL (0.3ms)[0m  [1mINSERT INTO "users" ("name", "email", "created_at", "updated_at") VALUES (?, ?, ?, ?)[0m  [["name", "Foo Bar"], ["email", "foo@bar.com"], ["created_at", "2015-08-05 18:44:54.382600"], ["updated_at", "2015-08-05 18:44:54.382600"]]
  [1m[35m (0.7ms)[0m  commit transaction
Redirected to http://localhost:3000/users/2
Completed 302 Found in 4ms (ActiveRecord: 1.3ms)


Started GET "/users/2" for ::1 at 2015-08-05 13:44:54 -0500
Processing by UsersController#show as HTML
  Parameters: {"id"=>"2"}
  [1m[36mUser Load (0.1ms)[0m  [1mSELECT  "users".* FROM "users" WHERE "users"."id" = ? LIMIT 1[0m  [["id", 2]]
  Rendered users/show.html.erb within layouts/application (0.3ms)
Completed 200 OK in 33ms (Views: 31.8ms | ActiveRecord: 0.1ms)


Started GET "/users/" for ::1 at 2015-08-05 13:45:05 -0500
Processing by UsersController#index as HTML
  [1m[35mUser Load (0.2ms)[0m  SELECT "users".* FROM "users"
  Rendered users/index.html.erb within layouts/application (1.5ms)
Completed 200 OK in 36ms (Views: 34.2ms | ActiveRecord: 0.2ms)


Started DELETE "/users/2" for ::1 at 2015-08-05 13:45:27 -0500
Processing by UsersController#destroy as HTML
  Parameters: {"authenticity_token"=>"6L4oUvmCUQs8i3THnSDIXau3g0d8LN7Tpy86JYDb5tS3cA93IXYyRDU7nvl5qa1/K3Xhv5jT/SkgBOYhe1CvKg==", "id"=>"2"}
  [1m[36mUser Load (0.2ms)[0m  [1mSELECT  "users".* FROM "users" WHERE "users"."id" = ? LIMIT 1[0m  [["id", 2]]
  [1m[35m (0.1ms)[0m  begin transaction
  [1m[36mSQL (0.3ms)[0m  [1mDELETE FROM "users" WHERE "users"."id" = ?[0m  [["id", 2]]
  [1m[35m (2.7ms)[0m  commit transaction
Redirected to http://localhost:3000/users
Completed 302 Found in 6ms (ActiveRecord: 3.2ms)


Started GET "/users" for ::1 at 2015-08-05 13:45:27 -0500
Processing by UsersController#index as HTML
  [1m[36mUser Load (0.2ms)[0m  [1mSELECT "users".* FROM "users"[0m
  Rendered users/index.html.erb within layouts/application (0.9ms)
Completed 200 OK in 33ms (Views: 32.7ms | ActiveRecord: 0.2ms)
  [1m[36mActiveRecord::SchemaMigration Load (0.7ms)[0m  [1mSELECT "schema_migrations".* FROM "schema_migrations"[0m
  [1m[35mActiveRecord::SchemaMigration Load (0.1ms)[0m  SELECT "schema_migrations".* FROM "schema_migrations"


Started GET "/" for ::1 at 2015-11-17 19:22:05 -0600
  [1m[36mActiveRecord::SchemaMigration Load (0.1ms)[0m  [1mSELECT "schema_migrations".* FROM "schema_migrations"[0m
Processing by ApplicationController#hello as HTML
  Rendered text template (0.0ms)
Completed 200 OK in 12ms (Views: 4.0ms | ActiveRecord: 0.0ms)


Started GET "/users" for ::1 at 2015-11-17 19:23:22 -0600
Processing by UsersController#index as HTML
  [1m[35mUser Load (0.5ms)[0m  SELECT "users".* FROM "users"
  Rendered users/index.html.erb within layouts/application (6.7ms)
Completed 200 OK in 455ms (Views: 452.1ms | ActiveRecord: 0.7ms)


Started GET "/assets/users.self-e3b0c44298fc1c149afbf4c8996fb92427ae41e4649b934ca495991b7852b855.css?body=1" for ::1 at 2015-11-17 19:23:23 -0600


Started GET "/assets/scaffolds.self-e4e5fce5760f03809d2f09d58b14b632b4dafcecae652b6594ca613b9624be39.css?body=1" for ::1 at 2015-11-17 19:23:23 -0600


Started GET "/assets/turbolinks.self-c37727e9bd6b2735da5c311aa83fead54ed0be6cc8bd9a65309e9c5abe2cbfff.js?body=1" for ::1 at 2015-11-17 19:23:23 -0600


Started GET "/assets/users.self-877aef30ae1b040ab8a3aba4e3e309a11d7f2612f44dde450b5c157aa5f95c05.js?body=1" for ::1 at 2015-11-17 19:23:23 -0600


Started GET "/assets/application.self-e80e8f2318043e8af94dddc2adad5a4f09739a8ebb323b3ab31cd71d45fd9113.css?body=1" for ::1 at 2015-11-17 19:23:23 -0600


Started GET "/assets/jquery_ujs.self-ca5248a2fad13d6bd58ea121318d642f195f0b2dd818b30615f785ff365e8d1f.js?body=1" for ::1 at 2015-11-17 19:23:23 -0600


Started GET "/assets/jquery.self-d03a5518f45df77341bdbe6201ba3bfa547ebba8ed64f0ea56bfa5f96ea7c074.js?body=1" for ::1 at 2015-11-17 19:23:23 -0600


Started GET "/assets/application.self-3b8dabdc891efe46b9a144b400ad69e37d7e5876bdc39dee783419a69d7ca819.js?body=1" for ::1 at 2015-11-17 19:23:23 -0600


Started GET "/users/1" for ::1 at 2015-11-17 19:23:31 -0600
Processing by UsersController#show as HTML
  Parameters: {"id"=>"1"}
  [1m[36mUser Load (0.2ms)[0m  [1mSELECT  "users".* FROM "users" WHERE "users"."id" = ? LIMIT 1[0m  [["id", 1]]
  Rendered users/show.html.erb within layouts/application (1.1ms)
Completed 200 OK in 62ms (Views: 50.9ms | ActiveRecord: 0.2ms)


Started GET "/users/new" for ::1 at 2015-11-17 19:23:39 -0600
Processing by UsersController#new as HTML
  Rendered users/_form.html.erb (28.0ms)
  Rendered users/new.html.erb within layouts/application (34.1ms)
Completed 200 OK in 74ms (Views: 72.4ms | ActiveRecord: 0.0ms)


Started GET "/users/1/edit" for ::1 at 2015-11-17 19:23:53 -0600
Processing by UsersController#edit as HTML
  Parameters: {"id"=>"1"}
  [1m[35mUser Load (0.1ms)[0m  SELECT  "users".* FROM "users" WHERE "users"."id" = ? LIMIT 1  [["id", 1]]
  Rendered users/_form.html.erb (1.7ms)
  Rendered users/edit.html.erb within layouts/application (3.4ms)
Completed 200 OK in 43ms (Views: 42.2ms | ActiveRecord: 0.1ms)


Started GET "/" for ::1 at 2015-11-17 19:24:40 -0600
Processing by UsersController#index as HTML
  [1m[36mUser Load (0.3ms)[0m  [1mSELECT "users".* FROM "users"[0m
  Rendered users/index.html.erb within layouts/application (6.2ms)
Completed 200 OK in 46ms (Views: 43.1ms | ActiveRecord: 0.6ms)


Started GET "/" for ::1 at 2015-11-17 19:28:36 -0600
Processing by Rails::WelcomeController#index as HTML
  Rendered /Users/ashleymichal/.rvm/gems/ruby-2.2.1/gems/railties-4.2.3/lib/rails/templates/rails/welcome/index.html.erb (1.0ms)
Completed 200 OK in 4ms (Views: 3.6ms | ActiveRecord: 0.0ms)


Started GET "/" for ::1 at 2015-11-17 19:28:47 -0600
Processing by Rails::WelcomeController#index as HTML
  Rendered /Users/ashleymichal/.rvm/gems/ruby-2.2.1/gems/railties-4.2.3/lib/rails/templates/rails/welcome/index.html.erb (0.1ms)
Completed 200 OK in 3ms (Views: 2.5ms | ActiveRecord: 0.0ms)


Started GET "/users/new" for ::1 at 2015-11-17 19:31:51 -0600
Processing by UsersController#new as HTML
  Rendered users/_form.html.erb (3.1ms)
  Rendered users/new.html.erb within layouts/application (4.3ms)
Completed 200 OK in 52ms (Views: 42.9ms | ActiveRecord: 0.4ms)


Started POST "/users" for ::1 at 2015-11-17 19:32:03 -0600
Processing by UsersController#create as HTML
  Parameters: {"utf8"=>"✓", "authenticity_token"=>"UpXBuEYi7BVVOI8krqt2ODKUumncfSa7EfiqOvC5daVQdmENNzQ9MizehA31aHaIF3ZVoH2G/OleJeQ4k16Fjw==", "user"=>{"name"=>"Foo Bar", "email"=>"foo@bar.com"}, "commit"=>"Create User"}
  [1m[35m (0.2ms)[0m  begin transaction
  [1m[36mSQL (0.8ms)[0m  [1mINSERT INTO "users" ("name", "email", "created_at", "updated_at") VALUES (?, ?, ?, ?)[0m  [["name", "Foo Bar"], ["email", "foo@bar.com"], ["created_at", "2015-11-18 01:32:03.633637"], ["updated_at", "2015-11-18 01:32:03.633637"]]
  [1m[35m (0.7ms)[0m  commit transaction
Redirected to http://localhost:3000/users/3
Completed 302 Found in 7ms (ActiveRecord: 1.7ms)


Started GET "/users/3" for ::1 at 2015-11-17 19:32:03 -0600
Processing by UsersController#show as HTML
  Parameters: {"id"=>"3"}
  [1m[36mUser Load (0.2ms)[0m  [1mSELECT  "users".* FROM "users" WHERE "users"."id" = ? LIMIT 1[0m  [["id", 3]]
  Rendered users/show.html.erb within layouts/application (0.3ms)
Completed 200 OK in 36ms (Views: 34.4ms | ActiveRecord: 0.2ms)


Started GET "/users" for ::1 at 2015-11-17 19:32:08 -0600
Processing by UsersController#index as HTML
  [1m[35mUser Load (0.1ms)[0m  SELECT "users".* FROM "users"
  Rendered users/index.html.erb within layouts/application (2.0ms)
Completed 200 OK in 38ms (Views: 37.6ms | ActiveRecord: 0.1ms)


Started DELETE "/users/3" for ::1 at 2015-11-17 19:32:21 -0600
Processing by UsersController#destroy as HTML
  Parameters: {"authenticity_token"=>"I9Cmya/9vmMhfWL4/xXD+qRGUCM5oI4yAds820nneh4hMwZ83utvRFibadGk1sNKgaS/6phbVGBOBnLZKgCKNA==", "id"=>"3"}
  [1m[36mUser Load (0.1ms)[0m  [1mSELECT  "users".* FROM "users" WHERE "users"."id" = ? LIMIT 1[0m  [["id", 3]]
  [1m[35m (0.1ms)[0m  begin transaction
  [1m[36mSQL (1.5ms)[0m  [1mDELETE FROM "users" WHERE "users"."id" = ?[0m  [["id", 3]]
  [1m[35m (3.4ms)[0m  commit transaction
Redirected to http://localhost:3000/users
Completed 302 Found in 9ms (ActiveRecord: 5.1ms)


Started GET "/users" for ::1 at 2015-11-17 19:32:21 -0600
Processing by UsersController#index as HTML
  [1m[36mUser Load (0.1ms)[0m  [1mSELECT "users".* FROM "users"[0m
  Rendered users/index.html.erb within layouts/application (1.0ms)
Completed 200 OK in 28ms (Views: 27.2ms | ActiveRecord: 0.1ms)


Started GET "/users" for ::1 at 2015-11-17 19:34:34 -0600
Processing by UsersController#index as HTML
  [1m[35mUser Load (0.2ms)[0m  SELECT "users".* FROM "users"
  Rendered users/index.html.erb within layouts/application (4.9ms)
Completed 200 OK in 40ms (Views: 37.5ms | ActiveRecord: 0.5ms)


Started GET "/assets/scaffolds.self-e4e5fce5760f03809d2f09d58b14b632b4dafcecae652b6594ca613b9624be39.css?body=1" for ::1 at 2015-11-17 19:34:34 -0600


Started GET "/assets/users.self-e3b0c44298fc1c149afbf4c8996fb92427ae41e4649b934ca495991b7852b855.css?body=1" for ::1 at 2015-11-17 19:34:34 -0600


Started GET "/assets/application.self-e80e8f2318043e8af94dddc2adad5a4f09739a8ebb323b3ab31cd71d45fd9113.css?body=1" for ::1 at 2015-11-17 19:34:34 -0600


Started GET "/assets/turbolinks.self-c37727e9bd6b2735da5c311aa83fead54ed0be6cc8bd9a65309e9c5abe2cbfff.js?body=1" for ::1 at 2015-11-17 19:34:34 -0600


Started GET "/assets/jquery_ujs.self-ca5248a2fad13d6bd58ea121318d642f195f0b2dd818b30615f785ff365e8d1f.js?body=1" for ::1 at 2015-11-17 19:34:34 -0600


Started GET "/assets/jquery.self-d03a5518f45df77341bdbe6201ba3bfa547ebba8ed64f0ea56bfa5f96ea7c074.js?body=1" for ::1 at 2015-11-17 19:34:34 -0600


Started GET "/assets/users.self-877aef30ae1b040ab8a3aba4e3e309a11d7f2612f44dde450b5c157aa5f95c05.js?body=1" for ::1 at 2015-11-17 19:34:34 -0600


Started GET "/assets/application.self-3b8dabdc891efe46b9a144b400ad69e37d7e5876bdc39dee783419a69d7ca819.js?body=1" for ::1 at 2015-11-17 19:34:34 -0600


Started GET "/" for ::1 at 2015-11-17 19:35:22 -0600
Processing by UsersController#index as HTML
  [1m[36mUser Load (0.3ms)[0m  [1mSELECT "users".* FROM "users"[0m
  Rendered users/index.html.erb within layouts/application (8.3ms)
Completed 200 OK in 41ms (Views: 37.6ms | ActiveRecord: 0.9ms)
  [1m[36mActiveRecord::SchemaMigration Load (0.1ms)[0m  [1mSELECT "schema_migrations".* FROM "schema_migrations"[0m
Migrating to CreateMicroposts (20151118014104)
  [1m[35m (0.1ms)[0m  begin transaction
  [1m[36m (0.4ms)[0m  [1mCREATE TABLE "microposts" ("id" INTEGER PRIMARY KEY AUTOINCREMENT NOT NULL, "content" text, "user_id" integer, "created_at" datetime NOT NULL, "updated_at" datetime NOT NULL) [0m
  [1m[35mSQL (0.2ms)[0m  INSERT INTO "schema_migrations" ("version") VALUES (?)  [["version", "20151118014104"]]
  [1m[36m (0.8ms)[0m  [1mcommit transaction[0m
  [1m[35mActiveRecord::SchemaMigration Load (0.1ms)[0m  SELECT "schema_migrations".* FROM "schema_migrations"


Started GET "/" for ::1 at 2015-11-17 21:42:01 -0600
  [1m[36mActiveRecord::SchemaMigration Load (0.1ms)[0m  [1mSELECT "schema_migrations".* FROM "schema_migrations"[0m
Processing by UsersController#index as HTML
  [1m[35mUser Load (0.2ms)[0m  SELECT "users".* FROM "users"
  Rendered users/index.html.erb within layouts/application (7.0ms)
Completed 200 OK in 354ms (Views: 342.0ms | ActiveRecord: 0.5ms)


Started GET "/assets/microposts.self-e3b0c44298fc1c149afbf4c8996fb92427ae41e4649b934ca495991b7852b855.css?body=1" for ::1 at 2015-11-17 21:42:02 -0600


Started GET "/assets/microposts.self-877aef30ae1b040ab8a3aba4e3e309a11d7f2612f44dde450b5c157aa5f95c05.js?body=1" for ::1 at 2015-11-17 21:42:02 -0600


Started GET "/assets/scaffolds.self-e4e5fce5760f03809d2f09d58b14b632b4dafcecae652b6594ca613b9624be39.css?body=1" for ::1 at 2015-11-17 21:42:02 -0600


Started GET "/assets/users.self-e3b0c44298fc1c149afbf4c8996fb92427ae41e4649b934ca495991b7852b855.css?body=1" for ::1 at 2015-11-17 21:42:02 -0600


Started GET "/assets/application.self-e80e8f2318043e8af94dddc2adad5a4f09739a8ebb323b3ab31cd71d45fd9113.css?body=1" for ::1 at 2015-11-17 21:42:02 -0600


Started GET "/assets/turbolinks.self-c37727e9bd6b2735da5c311aa83fead54ed0be6cc8bd9a65309e9c5abe2cbfff.js?body=1" for ::1 at 2015-11-17 21:42:02 -0600


Started GET "/assets/jquery.self-d03a5518f45df77341bdbe6201ba3bfa547ebba8ed64f0ea56bfa5f96ea7c074.js?body=1" for ::1 at 2015-11-17 21:42:02 -0600


Started GET "/assets/users.self-877aef30ae1b040ab8a3aba4e3e309a11d7f2612f44dde450b5c157aa5f95c05.js?body=1" for ::1 at 2015-11-17 21:42:02 -0600


Started GET "/assets/jquery_ujs.self-ca5248a2fad13d6bd58ea121318d642f195f0b2dd818b30615f785ff365e8d1f.js?body=1" for ::1 at 2015-11-17 21:42:02 -0600


Started GET "/assets/application.self-3b8dabdc891efe46b9a144b400ad69e37d7e5876bdc39dee783419a69d7ca819.js?body=1" for ::1 at 2015-11-17 21:42:02 -0600


Started GET "/micropost/new" for ::1 at 2015-11-17 21:42:10 -0600

ActionController::RoutingError (No route matches [GET] "/micropost/new"):
  actionpack (4.2.3) lib/action_dispatch/middleware/debug_exceptions.rb:21:in `call'
  web-console (2.2.1) lib/web_console/middleware.rb:39:in `call'
  actionpack (4.2.3) lib/action_dispatch/middleware/show_exceptions.rb:30:in `call'
  railties (4.2.3) lib/rails/rack/logger.rb:38:in `call_app'
  railties (4.2.3) lib/rails/rack/logger.rb:20:in `block in call'
  activesupport (4.2.3) lib/active_support/tagged_logging.rb:68:in `block in tagged'
  activesupport (4.2.3) lib/active_support/tagged_logging.rb:26:in `tagged'
  activesupport (4.2.3) lib/active_support/tagged_logging.rb:68:in `tagged'
  railties (4.2.3) lib/rails/rack/logger.rb:20:in `call'
  actionpack (4.2.3) lib/action_dispatch/middleware/request_id.rb:21:in `call'
  rack (1.6.4) lib/rack/methodoverride.rb:22:in `call'
  rack (1.6.4) lib/rack/runtime.rb:18:in `call'
  activesupport (4.2.3) lib/active_support/cache/strategy/local_cache_middleware.rb:28:in `call'
  rack (1.6.4) lib/rack/lock.rb:17:in `call'
  actionpack (4.2.3) lib/action_dispatch/middleware/static.rb:116:in `call'
  rack (1.6.4) lib/rack/sendfile.rb:113:in `call'
  railties (4.2.3) lib/rails/engine.rb:518:in `call'
  railties (4.2.3) lib/rails/application.rb:165:in `call'
  rack (1.6.4) lib/rack/lock.rb:17:in `call'
  rack (1.6.4) lib/rack/content_length.rb:15:in `call'
  rack (1.6.4) lib/rack/handler/webrick.rb:88:in `service'
  /Users/ashleymichal/.rvm/rubies/ruby-2.2.1/lib/ruby/2.2.0/webrick/httpserver.rb:138:in `service'
  /Users/ashleymichal/.rvm/rubies/ruby-2.2.1/lib/ruby/2.2.0/webrick/httpserver.rb:94:in `run'
  /Users/ashleymichal/.rvm/rubies/ruby-2.2.1/lib/ruby/2.2.0/webrick/server.rb:294:in `block in start_thread'


  Rendered /Users/ashleymichal/.rvm/gems/ruby-2.2.1/gems/actionpack-4.2.3/lib/action_dispatch/middleware/templates/rescues/_trace.html.erb (2.1ms)
  Rendered /Users/ashleymichal/.rvm/gems/ruby-2.2.1/gems/actionpack-4.2.3/lib/action_dispatch/middleware/templates/routes/_route.html.erb (2.7ms)
  Rendered /Users/ashleymichal/.rvm/gems/ruby-2.2.1/gems/actionpack-4.2.3/lib/action_dispatch/middleware/templates/routes/_table.html.erb (13.3ms)
  Rendered /Users/ashleymichal/.rvm/gems/ruby-2.2.1/gems/actionpack-4.2.3/lib/action_dispatch/middleware/templates/rescues/_request_and_response.html.erb (1.9ms)
  Rendered /Users/ashleymichal/.rvm/gems/ruby-2.2.1/gems/actionpack-4.2.3/lib/action_dispatch/middleware/templates/rescues/routing_error.html.erb within rescues/layout (111.7ms)
  Rendered /Users/ashleymichal/.rvm/gems/ruby-2.2.1/gems/web-console-2.2.1/lib/web_console/templates/_markup.html.erb (0.4ms)
  Rendered /Users/ashleymichal/.rvm/gems/ruby-2.2.1/gems/web-console-2.2.1/lib/web_console/templates/_inner_console_markup.html.erb within layouts/inlined_string (0.6ms)
  Rendered /Users/ashleymichal/.rvm/gems/ruby-2.2.1/gems/web-console-2.2.1/lib/web_console/templates/_prompt_box_markup.html.erb within layouts/inlined_string (0.3ms)
  Rendered /Users/ashleymichal/.rvm/gems/ruby-2.2.1/gems/web-console-2.2.1/lib/web_console/templates/style.css.erb within layouts/inlined_string (0.4ms)
  Rendered /Users/ashleymichal/.rvm/gems/ruby-2.2.1/gems/web-console-2.2.1/lib/web_console/templates/console.js.erb within layouts/javascript (65.0ms)
  Rendered /Users/ashleymichal/.rvm/gems/ruby-2.2.1/gems/web-console-2.2.1/lib/web_console/templates/main.js.erb within layouts/javascript (0.8ms)
  Rendered /Users/ashleymichal/.rvm/gems/ruby-2.2.1/gems/web-console-2.2.1/lib/web_console/templates/error_page.js.erb within layouts/javascript (0.7ms)
  Rendered /Users/ashleymichal/.rvm/gems/ruby-2.2.1/gems/web-console-2.2.1/lib/web_console/templates/index.html.erb (144.6ms)


Started GET "/microposts/new" for ::1 at 2015-11-17 21:42:26 -0600
Processing by MicropostsController#new as HTML
  Rendered microposts/_form.html.erb (20.5ms)
  Rendered microposts/new.html.erb within layouts/application (23.4ms)
Completed 200 OK in 80ms (Views: 71.0ms | ActiveRecord: 0.2ms)


Started POST "/microposts" for ::1 at 2015-11-17 21:42:37 -0600
Processing by MicropostsController#create as HTML
  Parameters: {"utf8"=>"✓", "authenticity_token"=>"T6h+hGCxD9hW9xJSSfoNNHlDXcTQly3Odchw/teGTuPwIZkrRTIBe2K9aXuIgLv1n9TFfgb+GLLdxd56S2yYQQ==", "micropost"=>{"content"=>"First Micropost", "user_id"=>"1"}, "commit"=>"Create Micropost"}
  [1m[36m (0.1ms)[0m  [1mbegin transaction[0m
  [1m[35mSQL (0.5ms)[0m  INSERT INTO "microposts" ("content", "user_id", "created_at", "updated_at") VALUES (?, ?, ?, ?)  [["content", "First Micropost"], ["user_id", 1], ["created_at", "2015-11-18 03:42:37.518261"], ["updated_at", "2015-11-18 03:42:37.518261"]]
  [1m[36m (2.4ms)[0m  [1mcommit transaction[0m
Redirected to http://localhost:3000/microposts/1
Completed 302 Found in 9ms (ActiveRecord: 2.9ms)


Started GET "/microposts/1" for ::1 at 2015-11-17 21:42:37 -0600
Processing by MicropostsController#show as HTML
  Parameters: {"id"=>"1"}
  [1m[35mMicropost Load (0.2ms)[0m  SELECT  "microposts".* FROM "microposts" WHERE "microposts"."id" = ? LIMIT 1  [["id", 1]]
  Rendered microposts/show.html.erb within layouts/application (1.1ms)
Completed 200 OK in 49ms (Views: 40.3ms | ActiveRecord: 0.2ms)


Started GET "/microposts" for ::1 at 2015-11-17 21:42:44 -0600
Processing by MicropostsController#index as HTML
  [1m[36mMicropost Load (0.1ms)[0m  [1mSELECT "microposts".* FROM "microposts"[0m
  Rendered microposts/index.html.erb within layouts/application (1.7ms)
Completed 200 OK in 46ms (Views: 44.8ms | ActiveRecord: 0.1ms)


Started GET "/microposts/new" for ::1 at 2015-11-17 21:42:50 -0600
Processing by MicropostsController#new as HTML
  Rendered microposts/_form.html.erb (1.6ms)
  Rendered microposts/new.html.erb within layouts/application (3.1ms)
Completed 200 OK in 42ms (Views: 41.2ms | ActiveRecord: 0.0ms)


Started POST "/microposts" for ::1 at 2015-11-17 21:42:58 -0600
Processing by MicropostsController#create as HTML
  Parameters: {"utf8"=>"✓", "authenticity_token"=>"TOFzZCRkrMz7ya1CyWpOp762Vu+kAW/JSUi4hV4kxXfzaJTLAeeib8+D1msIEPhmWCHOVXJoWrXhRRYBws4T1Q==", "micropost"=>{"content"=>"Second Micropost", "user_id"=>"1"}, "commit"=>"Create Micropost"}
  [1m[35m (0.1ms)[0m  begin transaction
  [1m[36mSQL (0.3ms)[0m  [1mINSERT INTO "microposts" ("content", "user_id", "created_at", "updated_at") VALUES (?, ?, ?, ?)[0m  [["content", "Second Micropost"], ["user_id", 1], ["created_at", "2015-11-18 03:42:58.569591"], ["updated_at", "2015-11-18 03:42:58.569591"]]
  [1m[35m (2.9ms)[0m  commit transaction
Redirected to http://localhost:3000/microposts/2
Completed 302 Found in 6ms (ActiveRecord: 3.2ms)


Started GET "/microposts/2" for ::1 at 2015-11-17 21:42:58 -0600
Processing by MicropostsController#show as HTML
  Parameters: {"id"=>"2"}
  [1m[36mMicropost Load (0.1ms)[0m  [1mSELECT  "microposts".* FROM "microposts" WHERE "microposts"."id" = ? LIMIT 1[0m  [["id", 2]]
  Rendered microposts/show.html.erb within layouts/application (0.4ms)
Completed 200 OK in 34ms (Views: 33.4ms | ActiveRecord: 0.1ms)


Started GET "/microposts" for ::1 at 2015-11-17 21:43:00 -0600
Processing by MicropostsController#index as HTML
  [1m[35mMicropost Load (0.1ms)[0m  SELECT "microposts".* FROM "microposts"
  Rendered microposts/index.html.erb within layouts/application (1.2ms)
Completed 200 OK in 39ms (Views: 38.1ms | ActiveRecord: 0.1ms)


Started GET "/microposts/new" for ::1 at 2015-11-17 21:44:09 -0600
Processing by MicropostsController#new as HTML
Completed 500 Internal Server Error in 2ms (ActiveRecord: 0.0ms)

SyntaxError (/Users/ashleymichal/Sites/toy_app/app/models/micropost.rb:2: syntax error, unexpected ':', expecting '}'
	validates :content, length { maximum: 140 }
	                                     ^):
  app/models/micropost.rb:2: syntax error, unexpected ':', expecting '}'
  app/controllers/microposts_controller.rb:17:in `new'


  Rendered /Users/ashleymichal/.rvm/gems/ruby-2.2.1/gems/actionpack-4.2.3/lib/action_dispatch/middleware/templates/rescues/_source.erb (13.4ms)
  Rendered /Users/ashleymichal/.rvm/gems/ruby-2.2.1/gems/actionpack-4.2.3/lib/action_dispatch/middleware/templates/rescues/_trace.html.erb (2.6ms)
  Rendered /Users/ashleymichal/.rvm/gems/ruby-2.2.1/gems/actionpack-4.2.3/lib/action_dispatch/middleware/templates/rescues/_request_and_response.html.erb (1.1ms)
  Rendered /Users/ashleymichal/.rvm/gems/ruby-2.2.1/gems/actionpack-4.2.3/lib/action_dispatch/middleware/templates/rescues/diagnostics.html.erb within rescues/layout (70.3ms)
  Rendered /Users/ashleymichal/.rvm/gems/ruby-2.2.1/gems/web-console-2.2.1/lib/web_console/templates/_markup.html.erb (0.4ms)
  Rendered /Users/ashleymichal/.rvm/gems/ruby-2.2.1/gems/web-console-2.2.1/lib/web_console/templates/_inner_console_markup.html.erb within layouts/inlined_string (0.7ms)
  Rendered /Users/ashleymichal/.rvm/gems/ruby-2.2.1/gems/web-console-2.2.1/lib/web_console/templates/_prompt_box_markup.html.erb within layouts/inlined_string (0.4ms)
  Rendered /Users/ashleymichal/.rvm/gems/ruby-2.2.1/gems/web-console-2.2.1/lib/web_console/templates/style.css.erb within layouts/inlined_string (0.2ms)
  Rendered /Users/ashleymichal/.rvm/gems/ruby-2.2.1/gems/web-console-2.2.1/lib/web_console/templates/console.js.erb within layouts/javascript (49.1ms)
  Rendered /Users/ashleymichal/.rvm/gems/ruby-2.2.1/gems/web-console-2.2.1/lib/web_console/templates/main.js.erb within layouts/javascript (0.3ms)
  Rendered /Users/ashleymichal/.rvm/gems/ruby-2.2.1/gems/web-console-2.2.1/lib/web_console/templates/error_page.js.erb within layouts/javascript (0.3ms)
  Rendered /Users/ashleymichal/.rvm/gems/ruby-2.2.1/gems/web-console-2.2.1/lib/web_console/templates/index.html.erb (112.6ms)


Started GET "/microposts/new" for ::1 at 2015-11-17 21:44:10 -0600
Processing by MicropostsController#new as HTML
Completed 500 Internal Server Error in 1ms (ActiveRecord: 0.0ms)

SyntaxError (/Users/ashleymichal/Sites/toy_app/app/models/micropost.rb:2: syntax error, unexpected ':', expecting '}'
	validates :content, length { maximum: 140 }
	                                     ^):
  app/models/micropost.rb:2: syntax error, unexpected ':', expecting '}'
  app/controllers/microposts_controller.rb:17:in `new'


  Rendered /Users/ashleymichal/.rvm/gems/ruby-2.2.1/gems/actionpack-4.2.3/lib/action_dispatch/middleware/templates/rescues/_source.erb (5.4ms)
  Rendered /Users/ashleymichal/.rvm/gems/ruby-2.2.1/gems/actionpack-4.2.3/lib/action_dispatch/middleware/templates/rescues/_trace.html.erb (2.4ms)
  Rendered /Users/ashleymichal/.rvm/gems/ruby-2.2.1/gems/actionpack-4.2.3/lib/action_dispatch/middleware/templates/rescues/_request_and_response.html.erb (1.0ms)
  Rendered /Users/ashleymichal/.rvm/gems/ruby-2.2.1/gems/actionpack-4.2.3/lib/action_dispatch/middleware/templates/rescues/diagnostics.html.erb within rescues/layout (64.5ms)
  Rendered /Users/ashleymichal/.rvm/gems/ruby-2.2.1/gems/web-console-2.2.1/lib/web_console/templates/_markup.html.erb (0.4ms)
  Rendered /Users/ashleymichal/.rvm/gems/ruby-2.2.1/gems/web-console-2.2.1/lib/web_console/templates/_inner_console_markup.html.erb within layouts/inlined_string (0.3ms)
  Rendered /Users/ashleymichal/.rvm/gems/ruby-2.2.1/gems/web-console-2.2.1/lib/web_console/templates/_prompt_box_markup.html.erb within layouts/inlined_string (0.3ms)
  Rendered /Users/ashleymichal/.rvm/gems/ruby-2.2.1/gems/web-console-2.2.1/lib/web_console/templates/style.css.erb within layouts/inlined_string (0.4ms)
  Rendered /Users/ashleymichal/.rvm/gems/ruby-2.2.1/gems/web-console-2.2.1/lib/web_console/templates/console.js.erb within layouts/javascript (52.8ms)
  Rendered /Users/ashleymichal/.rvm/gems/ruby-2.2.1/gems/web-console-2.2.1/lib/web_console/templates/main.js.erb within layouts/javascript (0.3ms)
  Rendered /Users/ashleymichal/.rvm/gems/ruby-2.2.1/gems/web-console-2.2.1/lib/web_console/templates/error_page.js.erb within layouts/javascript (0.4ms)
  Rendered /Users/ashleymichal/.rvm/gems/ruby-2.2.1/gems/web-console-2.2.1/lib/web_console/templates/index.html.erb (118.0ms)


Started GET "/microposts/new" for ::1 at 2015-11-17 21:44:26 -0600
Processing by MicropostsController#new as HTML
  Rendered microposts/_form.html.erb (2.7ms)
  Rendered microposts/new.html.erb within layouts/application (4.1ms)
Completed 200 OK in 49ms (Views: 41.7ms | ActiveRecord: 0.5ms)


Started GET "/assets/microposts.self-e3b0c44298fc1c149afbf4c8996fb92427ae41e4649b934ca495991b7852b855.css?body=1" for ::1 at 2015-11-17 21:44:26 -0600


Started GET "/assets/scaffolds.self-e4e5fce5760f03809d2f09d58b14b632b4dafcecae652b6594ca613b9624be39.css?body=1" for ::1 at 2015-11-17 21:44:26 -0600


Started GET "/assets/users.self-e3b0c44298fc1c149afbf4c8996fb92427ae41e4649b934ca495991b7852b855.css?body=1" for ::1 at 2015-11-17 21:44:26 -0600


Started GET "/assets/jquery.self-d03a5518f45df77341bdbe6201ba3bfa547ebba8ed64f0ea56bfa5f96ea7c074.js?body=1" for ::1 at 2015-11-17 21:44:26 -0600


Started GET "/assets/application.self-e80e8f2318043e8af94dddc2adad5a4f09739a8ebb323b3ab31cd71d45fd9113.css?body=1" for ::1 at 2015-11-17 21:44:26 -0600


Started GET "/assets/turbolinks.self-c37727e9bd6b2735da5c311aa83fead54ed0be6cc8bd9a65309e9c5abe2cbfff.js?body=1" for ::1 at 2015-11-17 21:44:26 -0600


Started GET "/assets/jquery_ujs.self-ca5248a2fad13d6bd58ea121318d642f195f0b2dd818b30615f785ff365e8d1f.js?body=1" for ::1 at 2015-11-17 21:44:26 -0600


Started GET "/assets/microposts.self-877aef30ae1b040ab8a3aba4e3e309a11d7f2612f44dde450b5c157aa5f95c05.js?body=1" for ::1 at 2015-11-17 21:44:26 -0600


Started GET "/assets/users.self-877aef30ae1b040ab8a3aba4e3e309a11d7f2612f44dde450b5c157aa5f95c05.js?body=1" for ::1 at 2015-11-17 21:44:26 -0600


Started GET "/assets/application.self-3b8dabdc891efe46b9a144b400ad69e37d7e5876bdc39dee783419a69d7ca819.js?body=1" for ::1 at 2015-11-17 21:44:26 -0600


Started POST "/microposts" for ::1 at 2015-11-17 21:44:59 -0600
Processing by MicropostsController#create as HTML
  Parameters: {"utf8"=>"✓", "authenticity_token"=>"ZeYFdEFPWALWKvR5Ycxe9LKKGH8AtrUBDdmCvyFi4sbab+LbZMxWoeJgj1Cgtug1VB2AxdbfgH2l1Cw7vYg0ZA==", "micropost"=>{"content"=>"This super duper long micropost is way way over the maximum length for a micropost which is one hundred forty characters in length.", "user_id"=>"1"}, "commit"=>"Create Micropost"}
  [1m[36m (0.1ms)[0m  [1mbegin transaction[0m
  [1m[35mSQL (0.5ms)[0m  INSERT INTO "microposts" ("content", "user_id", "created_at", "updated_at") VALUES (?, ?, ?, ?)  [["content", "This super duper long micropost is way way over the maximum length for a micropost which is one hundred forty characters in length."], ["user_id", 1], ["created_at", "2015-11-18 03:44:59.437615"], ["updated_at", "2015-11-18 03:44:59.437615"]]
  [1m[36m (2.5ms)[0m  [1mcommit transaction[0m
Redirected to http://localhost:3000/microposts/3
Completed 302 Found in 7ms (ActiveRecord: 3.1ms)


Started GET "/microposts/3" for ::1 at 2015-11-17 21:44:59 -0600
Processing by MicropostsController#show as HTML
  Parameters: {"id"=>"3"}
  [1m[35mMicropost Load (0.2ms)[0m  SELECT  "microposts".* FROM "microposts" WHERE "microposts"."id" = ? LIMIT 1  [["id", 3]]
  Rendered microposts/show.html.erb within layouts/application (0.4ms)
Completed 200 OK in 41ms (Views: 39.6ms | ActiveRecord: 0.2ms)


Started GET "/microposts" for ::1 at 2015-11-17 21:45:07 -0600
Processing by MicropostsController#index as HTML
  [1m[36mMicropost Load (0.2ms)[0m  [1mSELECT "microposts".* FROM "microposts"[0m
  Rendered microposts/index.html.erb within layouts/application (2.3ms)
Completed 200 OK in 43ms (Views: 42.3ms | ActiveRecord: 0.2ms)


Started GET "/microposts/3/edit" for ::1 at 2015-11-17 21:45:14 -0600
Processing by MicropostsController#edit as HTML
  Parameters: {"id"=>"3"}
  [1m[35mMicropost Load (0.1ms)[0m  SELECT  "microposts".* FROM "microposts" WHERE "microposts"."id" = ? LIMIT 1  [["id", 3]]
  Rendered microposts/_form.html.erb (2.2ms)
  Rendered microposts/edit.html.erb within layouts/application (5.4ms)
Completed 200 OK in 42ms (Views: 41.3ms | ActiveRecord: 0.1ms)


Started PATCH "/microposts/3" for ::1 at 2015-11-17 21:45:22 -0600
Processing by MicropostsController#update as HTML
  Parameters: {"utf8"=>"✓", "authenticity_token"=>"+r7ibJV3J4kZl/XRkTmus00E/3Zsc6JnoZcJOT276w5FNwXDsPQpKi3djvhQQxhyq5NnzLoalxsJmqe9oVE9rA==", "micropost"=>{"content"=>"This super duper long micropost is way way over the maximum length for a micropost which is one hundred forty characters in length. This super duper long micropost is way way over the maximum length for a micropost which is one hundred forty characters in length. This super duper long micropost is way way over the maximum length for a micropost which is one hundred forty characters in length. ", "user_id"=>"1"}, "commit"=>"Update Micropost", "id"=>"3"}
  [1m[36mMicropost Load (0.1ms)[0m  [1mSELECT  "microposts".* FROM "microposts" WHERE "microposts"."id" = ? LIMIT 1[0m  [["id", 3]]
  [1m[35m (0.1ms)[0m  begin transaction
  [1m[36m (0.1ms)[0m  [1mrollback transaction[0m
  Rendered microposts/_form.html.erb (2.7ms)
  Rendered microposts/edit.html.erb within layouts/application (5.0ms)
Completed 200 OK in 46ms (Views: 41.7ms | ActiveRecord: 0.3ms)


Started GET "/microposts" for ::1 at 2015-11-17 21:45:26 -0600
Processing by MicropostsController#index as HTML
  [1m[35mMicropost Load (0.2ms)[0m  SELECT "microposts".* FROM "microposts"
  Rendered microposts/index.html.erb within layouts/application (2.2ms)
Completed 200 OK in 36ms (Views: 35.4ms | ActiveRecord: 0.2ms)


Started DELETE "/microposts/3" for ::1 at 2015-11-17 21:45:29 -0600
Processing by MicropostsController#destroy as HTML
  Parameters: {"authenticity_token"=>"PjYpk5F05wHLrkzE6TGp3HIR5luhM+o5R2a+RH7qzD6Bv848tPfpov/kN+0oSx8dlIZ+4Xda30XvaxDA4gAanA==", "id"=>"3"}
  [1m[36mMicropost Load (0.1ms)[0m  [1mSELECT  "microposts".* FROM "microposts" WHERE "microposts"."id" = ? LIMIT 1[0m  [["id", 3]]
  [1m[35m (0.1ms)[0m  begin transaction
  [1m[36mSQL (0.4ms)[0m  [1mDELETE FROM "microposts" WHERE "microposts"."id" = ?[0m  [["id", 3]]
  [1m[35m (2.3ms)[0m  commit transaction
Redirected to http://localhost:3000/microposts
Completed 302 Found in 6ms (ActiveRecord: 2.8ms)


Started GET "/microposts" for ::1 at 2015-11-17 21:45:30 -0600
Processing by MicropostsController#index as HTML
  [1m[36mMicropost Load (0.1ms)[0m  [1mSELECT "microposts".* FROM "microposts"[0m
  Rendered microposts/index.html.erb within layouts/application (1.4ms)
Completed 200 OK in 37ms (Views: 36.6ms | ActiveRecord: 0.1ms)
  [1m[36mUser Load (0.2ms)[0m  [1mSELECT  "users".* FROM "users"  ORDER BY "users"."id" ASC LIMIT 1[0m
  [1m[35mMicropost Load (0.2ms)[0m  SELECT "microposts".* FROM "microposts" WHERE "microposts"."user_id" = ?  [["user_id", 1]]
